Using pre-set license
Built from '2021.3/china_unity/release' branch; Version is '2021.3.21f1c1 (08fa194de70f) revision 588313'; Using compiler version '192829333'; Build Type 'Release'
OS: 'Windows 11  (10.0.22000) 64bit CoreCountrySpecific' Language: 'zh' Physical Memory: 15724 MB
BatchMode: 1, IsHumanControllingUs: 0, StartBugReporterOnCrash: 0, Is64bit: 1, IsPro: 1

COMMAND LINE ARGUMENTS:
C:\Program Files\Unity\Hub\Editor\2021.3.21f1c1\Editor\Unity.exe
-adb2
-batchMode
-noUpm
-name
AssetImportWorker2
-projectPath
D:/VS/VS项目1
-logFile
Logs/AssetImportWorker2.log
-srvPort
59752
Successfully changed project path to: D:/VS/VS项目1
D:/VS/VS项目1
[UnityMemory] Configuration Parameters - Can be set up in boot.config
    "memorysetup-bucket-allocator-granularity=16"
    "memorysetup-bucket-allocator-bucket-count=8"
    "memorysetup-bucket-allocator-block-size=33554432"
    "memorysetup-bucket-allocator-block-count=8"
    "memorysetup-main-allocator-block-size=16777216"
    "memorysetup-thread-allocator-block-size=16777216"
    "memorysetup-gfx-main-allocator-block-size=16777216"
    "memorysetup-gfx-thread-allocator-block-size=16777216"
    "memorysetup-cache-allocator-block-size=4194304"
    "memorysetup-typetree-allocator-block-size=2097152"
    "memorysetup-profiler-bucket-allocator-granularity=16"
    "memorysetup-profiler-bucket-allocator-bucket-count=8"
    "memorysetup-profiler-bucket-allocator-block-size=33554432"
    "memorysetup-profiler-bucket-allocator-block-count=8"
    "memorysetup-profiler-allocator-block-size=16777216"
    "memorysetup-profiler-editor-allocator-block-size=1048576"
    "memorysetup-temp-allocator-size-main=16777216"
    "memorysetup-job-temp-allocator-block-size=2097152"
    "memorysetup-job-temp-allocator-block-size-background=1048576"
    "memorysetup-job-temp-allocator-reduction-small-platforms=262144"
    "memorysetup-temp-allocator-size-background-worker=32768"
    "memorysetup-temp-allocator-size-job-worker=262144"
    "memorysetup-temp-allocator-size-preload-manager=33554432"
    "memorysetup-temp-allocator-size-nav-mesh-worker=65536"
    "memorysetup-temp-allocator-size-audio-worker=65536"
    "memorysetup-temp-allocator-size-cloud-worker=32768"
    "memorysetup-temp-allocator-size-gi-baking-worker=262144"
    "memorysetup-temp-allocator-size-gfx=262144"
Player connection [27860] Host "[IP] 10.31.118.206 [Port] 0 [Flags] 2 [Guid] 1731677819 [EditorId] 1731677819 [Version] 1048832 [Id] WindowsEditor(7,LAPTOP-J979BD42) [Debug] 1 [PackageName] WindowsEditor [ProjectName] Editor" joined multi-casting on [225.0.0.222:54997]...

Player connection [27860] Host "[IP] 10.31.118.206 [Port] 0 [Flags] 2 [Guid] 1731677819 [EditorId] 1731677819 [Version] 1048832 [Id] WindowsEditor(7,LAPTOP-J979BD42) [Debug] 1 [PackageName] WindowsEditor [ProjectName] Editor" joined alternative multi-casting on [225.0.0.222:34997]...

AS: AutoStreaming module initializing.
Refreshing native plugins compatible for Editor in 210.54 ms, found 4 plugins.
Preloading 0 native plugins for Editor in 0.00 ms.
Initialize engine version: 2021.3.21f1c1 (08fa194de70f)
[Subsystems] Discovering subsystems at path C:/Program Files/Unity/Hub/Editor/2021.3.21f1c1/Editor/Data/Resources/UnitySubsystems
[Subsystems] Discovering subsystems at path D:/VS/VS项目1/Assets
GfxDevice: creating device client; threaded=0; jobified=0
Direct3D:
    Version:  Direct3D 11.0 [level 11.1]
    Renderer: AMD Radeon(TM) Graphics (ID=0x1638)
    Vendor:   ATI
    VRAM:     7862 MB
    Driver:   27.20.14022.3
Initialize mono
Mono path[0] = 'C:/Program Files/Unity/Hub/Editor/2021.3.21f1c1/Editor/Data/Managed'
Mono path[1] = 'C:/Program Files/Unity/Hub/Editor/2021.3.21f1c1/Editor/Data/MonoBleedingEdge/lib/mono/unityjit-win32'
Mono config path = 'C:/Program Files/Unity/Hub/Editor/2021.3.21f1c1/Editor/Data/MonoBleedingEdge/etc'
Using monoOptions --debugger-agent=transport=dt_socket,embedding=1,server=y,suspend=n,address=127.0.0.1:56456
Begin MonoManager ReloadAssembly
Registering precompiled unity dll's ...
Register platform support module: C:/Program Files/Unity/Hub/Editor/2021.3.21f1c1/Editor/Data/PlaybackEngines/WindowsStandaloneSupport/UnityEditor.WindowsStandalone.Extensions.dll
Registered in 0.009152 seconds.
Native extension for WindowsStandalone target not found
Refreshing native plugins compatible for Editor in 180.92 ms, found 4 plugins.
Preloading 0 native plugins for Editor in 0.00 ms.
Mono: successfully reloaded assembly
- Completed reload, in  1.289 seconds
Domain Reload Profiling:
	ReloadAssembly (1289ms)
		BeginReloadAssembly (203ms)
			ExecutionOrderSort (0ms)
			DisableScriptedObjects (0ms)
			BackupInstance (0ms)
			ReleaseScriptingObjects (0ms)
			CreateAndSetChildDomain (1ms)
		EndReloadAssembly (887ms)
			LoadAssemblies (197ms)
			RebuildTransferFunctionScriptingTraits (0ms)
			SetupTypeCache (202ms)
			ReleaseScriptCaches (0ms)
			RebuildScriptCaches (55ms)
			SetupLoadedEditorAssemblies (524ms)
				LogAssemblyErrors (0ms)
				InitializePlatformSupportModulesInManaged (13ms)
				SetLoadedEditorAssemblies (0ms)
				RefreshPlugins (181ms)
				BeforeProcessingInitializeOnLoad (3ms)
				ProcessInitializeOnLoadAttributes (245ms)
				ProcessInitializeOnLoadMethodAttributes (83ms)
				AfterProcessingInitializeOnLoad (0ms)
				EditorAssembliesLoaded (0ms)
			ExecutionOrderSort2 (0ms)
			AwakeInstancesAfterBackupRestoration (0ms)
Platform modules already initialized, skipping
Registering precompiled user dll's ...
Registered in 0.032116 seconds.
Begin MonoManager ReloadAssembly
Symbol file LoadedFromMemory doesn't match image D:\VS\VS项目1\Library\PackageCache\com.unity.visualscripting@1.8.0\Editor\VisualScripting.Core\Dependencies\YamlDotNet\Unity.VisualScripting.YamlDotNet.dll
Symbol file LoadedFromMemory doesn't match image D:\VS\VS项目1\Library\PackageCache\com.unity.visualscripting@1.8.0\Editor\VisualScripting.Core\Dependencies\DotNetZip\Unity.VisualScripting.IonicZip.dll
Native extension for WindowsStandalone target not found
Refreshing native plugins compatible for Editor in 118.04 ms, found 4 plugins.
Preloading 0 native plugins for Editor in 0.00 ms.
Mono: successfully reloaded assembly
- Completed reload, in  1.799 seconds
Domain Reload Profiling:
	ReloadAssembly (1800ms)
		BeginReloadAssembly (165ms)
			ExecutionOrderSort (0ms)
			DisableScriptedObjects (8ms)
			BackupInstance (0ms)
			ReleaseScriptingObjects (0ms)
			CreateAndSetChildDomain (27ms)
		EndReloadAssembly (1486ms)
			LoadAssemblies (153ms)
			RebuildTransferFunctionScriptingTraits (0ms)
			SetupTypeCache (258ms)
			ReleaseScriptCaches (1ms)
			RebuildScriptCaches (63ms)
			SetupLoadedEditorAssemblies (935ms)
				LogAssemblyErrors (0ms)
				InitializePlatformSupportModulesInManaged (4ms)
				SetLoadedEditorAssemblies (0ms)
				RefreshPlugins (118ms)
				BeforeProcessingInitializeOnLoad (136ms)
				ProcessInitializeOnLoadAttributes (599ms)
				ProcessInitializeOnLoadMethodAttributes (64ms)
				AfterProcessingInitializeOnLoad (12ms)
				EditorAssembliesLoaded (0ms)
			ExecutionOrderSort2 (0ms)
			AwakeInstancesAfterBackupRestoration (8ms)
Platform modules already initialized, skipping
========================================================================
Worker process is ready to serve import requests
Launched and connected shader compiler UnityShaderCompiler.exe after 0.06 seconds
Refreshing native plugins compatible for Editor in 0.95 ms, found 4 plugins.
Preloading 0 native plugins for Editor in 0.00 ms.
Unloading 3835 Unused Serialized files (Serialized files now loaded: 0)
Unloading 40 unused Assets / (186.0 KB). Loaded Objects now: 4293.
Memory consumption went from 147.5 MB to 147.3 MB.
Total: 6.123600 ms (FindLiveObjects: 0.418600 ms CreateObjectMapping: 0.156300 ms MarkObjects: 5.279000 ms  DeleteObjects: 0.267800 ms)

AssetImportParameters requested are different than current active one (requested -> active):
  custom:video-decoder-ogg-theora: a1e56fd34408186e4bbccfd4996cb3dc -> 
  custom:container-muxer-webm: aa71ff27fc2769a1b78a27578f13a17b -> 
  custom:container-demuxer-webm: 4f35f7cbe854078d1ac9338744f61a02 -> 
  custom:video-encoder-webm-vp8: eb34c28f22e8b96e1ab97ce403110664 -> 
  custom:video-codec-MediaFoundation-h265: 746d11721c4dcdbdad8f713fa42b33f4 -> 
  custom:audio-encoder-webm-vorbis: bf7c407c2cedff20999df2af8eb42d56 -> 
  custom:framework-win-MediaFoundation: 216162199b28c13a410421893ffa2e32 -> 
  custom:container-demuxer-ogg: 62fdf1f143b41e24485cea50d1cbac27 -> 
  custom:video-decoder-webm-vp8: 9c59270c3fd7afecdb556c50c9e8de78 -> 
  custom:audio-decoder-ogg-vorbis: bf7c407c2cedff20999df2af8eb42d56 -> 
========================================================================
Received Import Request.
  Time since last request: 788788.187519 seconds.
  path: Assets/IsoTools/Examples/Images/Kenney/City/cityTiles_078.png
  artifactKey: Guid(70b329d1071974ca89b9e77b0875c6d7) Importer(815301076,1909f56bfc062723c751e8b465ee728b)
Start importing Assets/IsoTools/Examples/Images/Kenney/City/cityTiles_078.png using Guid(70b329d1071974ca89b9e77b0875c6d7) Importer(815301076,1909f56bfc062723c751e8b465ee728b)  -> (artifact id: '69f17a562a4bc9377f6959820d8ffef1') in 0.146809 seconds 
========================================================================
Received Import Request.
  Time since last request: 0.000033 seconds.
  path: Assets/IsoTools/Examples/Images/Simple/Cube_1x3x1.png
  artifactKey: Guid(134a5af3424cf9f45b3c527e6d44d71b) Importer(815301076,1909f56bfc062723c751e8b465ee728b)
Start importing Assets/IsoTools/Examples/Images/Simple/Cube_1x3x1.png using Guid(134a5af3424cf9f45b3c527e6d44d71b) Importer(815301076,1909f56bfc062723c751e8b465ee728b)  -> (artifact id: '5cd9cb85fcfe2fe4a96ee6a85ecea7bb') in 0.032694 seconds 
========================================================================
Received Import Request.
  Time since last request: 0.000034 seconds.
  path: Assets/IsoTools/Examples/Images/Kenney/Buildings/buildingTiles_034.png
  artifactKey: Guid(178749271d77645b484e6a360ea04cf6) Importer(815301076,1909f56bfc062723c751e8b465ee728b)
Start importing Assets/IsoTools/Examples/Images/Kenney/Buildings/buildingTiles_034.png using Guid(178749271d77645b484e6a360ea04cf6) Importer(815301076,1909f56bfc062723c751e8b465ee728b)  -> (artifact id: '50cba5904a19d7e7b6654b68929cad95') in 0.043204 seconds 
========================================================================
Received Import Request.
  Time since last request: 0.000052 seconds.
  path: Assets/IsoTools/Examples/Images/Dragosha/dungeon-tileset/NPC/parts/C1Shadow.png
  artifactKey: Guid(92b286953acbe49fd8154eb8a3cc13ee) Importer(815301076,1909f56bfc062723c751e8b465ee728b)
Start importing Assets/IsoTools/Examples/Images/Dragosha/dungeon-tileset/NPC/parts/C1Shadow.png using Guid(92b286953acbe49fd8154eb8a3cc13ee) Importer(815301076,1909f56bfc062723c751e8b465ee728b)  -> (artifact id: '882f8303146f70f9344adfd3e157a920') in 0.049580 seconds 
========================================================================
Received Import Request.
  Time since last request: 0.000098 seconds.
  path: Assets/IsoTools/Examples/Images/Kenney/Buildings/buildingTiles_020.png
  artifactKey: Guid(83215bb8e2de940bbabcecc63f825ad2) Importer(815301076,1909f56bfc062723c751e8b465ee728b)
Start importing Assets/IsoTools/Examples/Images/Kenney/Buildings/buildingTiles_020.png using Guid(83215bb8e2de940bbabcecc63f825ad2) Importer(815301076,1909f56bfc062723c751e8b465ee728b)  -> (artifact id: '22217c45543dd165d2c29453e5d9b15c') in 0.063094 seconds 
========================================================================
Received Import Request.
  Time since last request: 0.000079 seconds.
  path: Assets/IsoTools/Examples/Images/Kenney/City/cityTiles_054.png
  artifactKey: Guid(be1358076649347e38c1aa2bacdab815) Importer(815301076,1909f56bfc062723c751e8b465ee728b)
Start importing Assets/IsoTools/Examples/Images/Kenney/City/cityTiles_054.png using Guid(be1358076649347e38c1aa2bacdab815) Importer(815301076,1909f56bfc062723c751e8b465ee728b)  -> (artifact id: 'e696099b18da268dbe4a2488f4e2fc78') in 0.061001 seconds 
========================================================================
Received Import Request.
  Time since last request: 0.000055 seconds.
  path: Assets/IsoTools/Examples/Images/Kenney/City/cityTiles_041.png
  artifactKey: Guid(54a0e5e81fdf946cab350efa9a74ab48) Importer(815301076,1909f56bfc062723c751e8b465ee728b)
Start importing Assets/IsoTools/Examples/Images/Kenney/City/cityTiles_041.png using Guid(54a0e5e81fdf946cab350efa9a74ab48) Importer(815301076,1909f56bfc062723c751e8b465ee728b)  -> (artifact id: 'f70804ec68a67a27f0081f155b529462') in 0.045501 seconds 
========================================================================
Received Import Request.
  Time since last request: 0.000034 seconds.
  path: Assets/IsoTools/Examples/Images/Kenney/Buildings/buildingTiles_035.png
  artifactKey: Guid(4b0a09f44e694432cab5e866a71c4ca2) Importer(815301076,1909f56bfc062723c751e8b465ee728b)
Start importing Assets/IsoTools/Examples/Images/Kenney/Buildings/buildingTiles_035.png using Guid(4b0a09f44e694432cab5e866a71c4ca2) Importer(815301076,1909f56bfc062723c751e8b465ee728b)  -> (artifact id: 'c208c9f9db850df452691f1fd31e9f92') in 0.045228 seconds 
========================================================================
Received Import Request.
  Time since last request: 0.000044 seconds.
  path: Assets/IsoTools/Examples/Images/Kenney/City/cityTiles_110.png
  artifactKey: Guid(ac91333c964264f7fa46356098f13960) Importer(815301076,1909f56bfc062723c751e8b465ee728b)
Start importing Assets/IsoTools/Examples/Images/Kenney/City/cityTiles_110.png using Guid(ac91333c964264f7fa46356098f13960) Importer(815301076,1909f56bfc062723c751e8b465ee728b)  -> (artifact id: 'a72b68a27d6530076238ea2a2890150d') in 0.047393 seconds 
========================================================================
Received Import Request.
  Time since last request: 0.000081 seconds.
  path: Assets/IsoTools/Examples/Images/Kenney/Buildings/buildingTiles_031.png
  artifactKey: Guid(2fb1f71c02576441492fd19665feb858) Importer(815301076,1909f56bfc062723c751e8b465ee728b)
Start importing Assets/IsoTools/Examples/Images/Kenney/Buildings/buildingTiles_031.png using Guid(2fb1f71c02576441492fd19665feb858) Importer(815301076,1909f56bfc062723c751e8b465ee728b)  -> (artifact id: '1d0093c75ce16213dfe30a55daa80f6c') in 0.057219 seconds 
========================================================================
Received Import Request.
  Time since last request: 0.000068 seconds.
  path: Assets/IsoTools/Examples/Images/Kenney/City/cityTiles_036.png
  artifactKey: Guid(ee11048159e5641918ca51b10e30df77) Importer(815301076,1909f56bfc062723c751e8b465ee728b)
Start importing Assets/IsoTools/Examples/Images/Kenney/City/cityTiles_036.png using Guid(ee11048159e5641918ca51b10e30df77) Importer(815301076,1909f56bfc062723c751e8b465ee728b)  -> (artifact id: 'e74992113285920faf9f1b9c5fb0f264') in 0.049921 seconds 
========================================================================
Received Import Request.
  Time since last request: 0.000048 seconds.
  path: Assets/IsoTools/Examples/Images/Kenney/City/cityTiles_127.png
  artifactKey: Guid(db5b406aec99e4dbc869da2f38036330) Importer(815301076,1909f56bfc062723c751e8b465ee728b)
Start importing Assets/IsoTools/Examples/Images/Kenney/City/cityTiles_127.png using Guid(db5b406aec99e4dbc869da2f38036330) Importer(815301076,1909f56bfc062723c751e8b465ee728b)  -> (artifact id: '9e529204b6e3736ac99227d6432fb3c6') in 0.059678 seconds 
========================================================================
Received Import Request.
  Time since last request: 0.000041 seconds.
  path: Assets/IsoTools/Examples/Images/Kenney/City/cityTiles_005.png
  artifactKey: Guid(a3958e7689cbb4c4ca522a1fd65a8a9b) Importer(815301076,1909f56bfc062723c751e8b465ee728b)
Start importing Assets/IsoTools/Examples/Images/Kenney/City/cityTiles_005.png using Guid(a3958e7689cbb4c4ca522a1fd65a8a9b) Importer(815301076,1909f56bfc062723c751e8b465ee728b)  -> (artifact id: 'bb859839299551eca3ea48008ccad70e') in 0.054149 seconds 
========================================================================
Received Import Request.
  Time since last request: 0.000055 seconds.
  path: Assets/IsoTools/Examples/Images/Dragosha/dungeon-tileset/NPC/NPC2.png
  artifactKey: Guid(38ace01582f2641ec9e64a64ad5929bf) Importer(815301076,1909f56bfc062723c751e8b465ee728b)
Start importing Assets/IsoTools/Examples/Images/Dragosha/dungeon-tileset/NPC/NPC2.png using Guid(38ace01582f2641ec9e64a64ad5929bf) Importer(815301076,1909f56bfc062723c751e8b465ee728b)  -> (artifact id: '88a99d7e1556b6cdefc3c60fc8f955d0') in 0.072666 seconds 
========================================================================
Received Import Request.
  Time since last request: 0.000260 seconds.
  path: Assets/IsoTools/Examples/Images/Dragosha/adventure-tileset/tiles/t5.png
  artifactKey: Guid(ca6c99042a64049c0897dbe638537b37) Importer(815301076,1909f56bfc062723c751e8b465ee728b)
Start importing Assets/IsoTools/Examples/Images/Dragosha/adventure-tileset/tiles/t5.png using Guid(ca6c99042a64049c0897dbe638537b37) Importer(815301076,1909f56bfc062723c751e8b465ee728b)  -> (artifact id: '591ecb34d1b878ea69f5c038fd3bb634') in 0.077268 seconds 
========================================================================
Received Import Request.
  Time since last request: 0.000055 seconds.
  path: Assets/IsoTools/Examples/Images/Kenney/City/cityDetails_008.png
  artifactKey: Guid(2ac8956153c254c3e9f4af1ce020660c) Importer(815301076,1909f56bfc062723c751e8b465ee728b)
Start importing Assets/IsoTools/Examples/Images/Kenney/City/cityDetails_008.png using Guid(2ac8956153c254c3e9f4af1ce020660c) Importer(815301076,1909f56bfc062723c751e8b465ee728b)  -> (artifact id: 'bc75b438bfc11bdf531c71f8c15dc7c7') in 0.076688 seconds 
========================================================================
Received Import Request.
  Time since last request: 0.000054 seconds.
  path: Assets/IsoTools/Examples/Images/Dragosha/adventure-tileset/tiles/e6.png
  artifactKey: Guid(99f19be6ea49249329bda6c8c9a45935) Importer(815301076,1909f56bfc062723c751e8b465ee728b)
Start importing Assets/IsoTools/Examples/Images/Dragosha/adventure-tileset/tiles/e6.png using Guid(99f19be6ea49249329bda6c8c9a45935) Importer(815301076,1909f56bfc062723c751e8b465ee728b)  -> (artifact id: '4ce17eb4611b6f5862ac00571a636bcf') in 0.116064 seconds 
========================================================================
Received Import Request.
  Time since last request: 0.000092 seconds.
  path: Assets/IsoTools/Examples/Images/Kenney/Buildings/buildingTiles_046.png
  artifactKey: Guid(1c6f074830f2a40d9b116f6cce928d8b) Importer(815301076,1909f56bfc062723c751e8b465ee728b)
Start importing Assets/IsoTools/Examples/Images/Kenney/Buildings/buildingTiles_046.png using Guid(1c6f074830f2a40d9b116f6cce928d8b) Importer(815301076,1909f56bfc062723c751e8b465ee728b)  -> (artifact id: '2336b93ae526fff9ebfb6694e48d5f36') in 0.043085 seconds 
========================================================================
Received Import Request.
  Time since last request: 0.000116 seconds.
  path: Assets/IsoTools/Examples/Images/Kenney/Buildings/buildingTiles_040.png
  artifactKey: Guid(ac0f38b306d2a45ce9e6e6e074e3a15e) Importer(815301076,1909f56bfc062723c751e8b465ee728b)
Start importing Assets/IsoTools/Examples/Images/Kenney/Buildings/buildingTiles_040.png using Guid(ac0f38b306d2a45ce9e6e6e074e3a15e) Importer(815301076,1909f56bfc062723c751e8b465ee728b)  -> (artifact id: '257b08ed3adb5ccc30b1a3c932889bc8') in 0.044427 seconds 
========================================================================
Received Import Request.
  Time since last request: 0.000186 seconds.
  path: Assets/IsoTools/Examples/Images/Kenney/City/cityTiles_040.png
  artifactKey: Guid(9e34c43ce855c41b8823f7335ea99c7a) Importer(815301076,1909f56bfc062723c751e8b465ee728b)
Start importing Assets/IsoTools/Examples/Images/Kenney/City/cityTiles_040.png using Guid(9e34c43ce855c41b8823f7335ea99c7a) Importer(815301076,1909f56bfc062723c751e8b465ee728b)  -> (artifact id: 'fed81233dd973857468c5bec0ca2888c') in 0.101489 seconds 
========================================================================
Received Import Request.
  Time since last request: 0.000040 seconds.
  path: Assets/IsoTools/Examples/Images/Dragosha/dungeon-tileset/NPC/NPC1.png
  artifactKey: Guid(5c17cbec7e82a41bb81a63d124975f99) Importer(815301076,1909f56bfc062723c751e8b465ee728b)
Start importing Assets/IsoTools/Examples/Images/Dragosha/dungeon-tileset/NPC/NPC1.png using Guid(5c17cbec7e82a41bb81a63d124975f99) Importer(815301076,1909f56bfc062723c751e8b465ee728b)  -> (artifact id: '7e054e9105ff266401325018df41ed5f') in 0.079341 seconds 
========================================================================
Received Import Request.
  Time since last request: 0.000061 seconds.
  path: Assets/IsoTools/Examples/Images/Kenney/City/cityTiles_079.png
  artifactKey: Guid(0916126efa2aa494483c4190e39bd666) Importer(815301076,1909f56bfc062723c751e8b465ee728b)
Start importing Assets/IsoTools/Examples/Images/Kenney/City/cityTiles_079.png using Guid(0916126efa2aa494483c4190e39bd666) Importer(815301076,1909f56bfc062723c751e8b465ee728b)  -> (artifact id: '95e7c70c0dbf44eff9d454e69a13a91c') in 0.083453 seconds 
========================================================================
Received Import Request.
  Time since last request: 0.000057 seconds.
  path: Assets/IsoTools/Examples/Images/Kenney/Buildings/buildingTiles_045.png
  artifactKey: Guid(1318cf5b1e9f043c98c91b668abebb0c) Importer(815301076,1909f56bfc062723c751e8b465ee728b)
Start importing Assets/IsoTools/Examples/Images/Kenney/Buildings/buildingTiles_045.png using Guid(1318cf5b1e9f043c98c91b668abebb0c) Importer(815301076,1909f56bfc062723c751e8b465ee728b)  -> (artifact id: '2e0ebe176fd66a3d2b1140fc7ce7722a') in 0.097289 seconds 
========================================================================
Received Import Request.
  Time since last request: 0.000058 seconds.
  path: Assets/IsoTools/Examples/Images/Simple/Wall_r.png
  artifactKey: Guid(339b266fd619cfb4b8828bac4c636dd2) Importer(815301076,1909f56bfc062723c751e8b465ee728b)
Start importing Assets/IsoTools/Examples/Images/Simple/Wall_r.png using Guid(339b266fd619cfb4b8828bac4c636dd2) Importer(815301076,1909f56bfc062723c751e8b465ee728b)  -> (artifact id: '847dc8eb53b806791b201c4f290db2e9') in 0.213704 seconds 
========================================================================
Received Import Request.
  Time since last request: 0.000035 seconds.
  path: Assets/IsoTools/Examples/Images/Kenney/City/cityTiles_021.png
  artifactKey: Guid(e82eeae743fe24fae8b68fd8eefbd5fc) Importer(815301076,1909f56bfc062723c751e8b465ee728b)
Start importing Assets/IsoTools/Examples/Images/Kenney/City/cityTiles_021.png using Guid(e82eeae743fe24fae8b68fd8eefbd5fc) Importer(815301076,1909f56bfc062723c751e8b465ee728b)  -> (artifact id: 'f828a586134f840f1a8d40125e798d0e') in 0.075343 seconds 
========================================================================
Received Import Request.
  Time since last request: 0.000136 seconds.
  path: Assets/IsoTools/Examples/Images/Kenney/Buildings/buildingTiles_009.png
  artifactKey: Guid(7e637e40fd811419abbd57c13cf087f8) Importer(815301076,1909f56bfc062723c751e8b465ee728b)
Start importing Assets/IsoTools/Examples/Images/Kenney/Buildings/buildingTiles_009.png using Guid(7e637e40fd811419abbd57c13cf087f8) Importer(815301076,1909f56bfc062723c751e8b465ee728b)  -> (artifact id: 'c3d21113c8d03205e46ac2354d34bb8b') in 0.082809 seconds 
========================================================================
Received Import Request.
  Time since last request: 0.000026 seconds.
  path: Assets/IsoTools/Examples/Images/Simple/Wallx3_r.png
  artifactKey: Guid(6f46be8cb617f6045a549493667d808c) Importer(815301076,1909f56bfc062723c751e8b465ee728b)
Start importing Assets/IsoTools/Examples/Images/Simple/Wallx3_r.png using Guid(6f46be8cb617f6045a549493667d808c) Importer(815301076,1909f56bfc062723c751e8b465ee728b)  -> (artifact id: '3cd202ea7c08db4425cd0a6b7984a4d6') in 0.060166 seconds 
========================================================================
Received Import Request.
  Time since last request: 0.000037 seconds.
  path: Assets/IsoTools/Examples/Images/Kenney/City/cityDetails_000.png
  artifactKey: Guid(78dfcb1dfc1394a64aa5a393a0a5d1d5) Importer(815301076,1909f56bfc062723c751e8b465ee728b)
Start importing Assets/IsoTools/Examples/Images/Kenney/City/cityDetails_000.png using Guid(78dfcb1dfc1394a64aa5a393a0a5d1d5) Importer(815301076,1909f56bfc062723c751e8b465ee728b)  -> (artifact id: '9a2e85be6c785dfdd367b7476fbf97cd') in 0.049920 seconds 
========================================================================
Received Import Request.
  Time since last request: 0.000041 seconds.
  path: Assets/IsoTools/Examples/Images/Dragosha/adventure-tileset/tiles/h4.png
  artifactKey: Guid(68bea01abb4184503b8261d624f3b453) Importer(815301076,1909f56bfc062723c751e8b465ee728b)
Start importing Assets/IsoTools/Examples/Images/Dragosha/adventure-tileset/tiles/h4.png using Guid(68bea01abb4184503b8261d624f3b453) Importer(815301076,1909f56bfc062723c751e8b465ee728b)  -> (artifact id: '89d6771a2c2dde35fdf665144c74618a') in 0.072929 seconds 
========================================================================
Received Import Request.
  Time since last request: 0.000051 seconds.
  path: Assets/IsoTools/Examples/Images/Kenney/City/cityTiles_112.png
  artifactKey: Guid(46a92337a746e4a29a9cad9cf9c7cb15) Importer(815301076,1909f56bfc062723c751e8b465ee728b)
Start importing Assets/IsoTools/Examples/Images/Kenney/City/cityTiles_112.png using Guid(46a92337a746e4a29a9cad9cf9c7cb15) Importer(815301076,1909f56bfc062723c751e8b465ee728b)  -> (artifact id: 'f4adb25c9e62fd68773fada99d9a9b23') in 0.065847 seconds 
========================================================================
Received Import Request.
  Time since last request: 0.000042 seconds.
  path: Assets/IsoTools/Examples/Images/Kenney/City/cityTiles_037.png
  artifactKey: Guid(5a1b46cb9c37149b6a6cfe4deb9a155c) Importer(815301076,1909f56bfc062723c751e8b465ee728b)
Start importing Assets/IsoTools/Examples/Images/Kenney/City/cityTiles_037.png using Guid(5a1b46cb9c37149b6a6cfe4deb9a155c) Importer(815301076,1909f56bfc062723c751e8b465ee728b)  -> (artifact id: 'db3dcf23cae23f88763a80c085b713ce') in 0.065804 seconds 
========================================================================
Received Import Request.
  Time since last request: 0.000047 seconds.
  path: Assets/IsoTools/Examples/Images/Kenney/City/cityTiles_007.png
  artifactKey: Guid(09cfdb5e6d7174389bd152ad00002b69) Importer(815301076,1909f56bfc062723c751e8b465ee728b)
Start importing Assets/IsoTools/Examples/Images/Kenney/City/cityTiles_007.png using Guid(09cfdb5e6d7174389bd152ad00002b69) Importer(815301076,1909f56bfc062723c751e8b465ee728b)  -> (artifact id: '47687f1d7dd01ebb9b725bdaa1500868') in 0.067126 seconds 
========================================================================
Received Import Request.
  Time since last request: 0.000038 seconds.
  path: Assets/IsoTools/Examples/Images/Dragosha/adventure-tileset/tiles/Char5.png
  artifactKey: Guid(f9482aa96cd0643bf9df3afd2a94c552) Importer(815301076,1909f56bfc062723c751e8b465ee728b)
Start importing Assets/IsoTools/Examples/Images/Dragosha/adventure-tileset/tiles/Char5.png using Guid(f9482aa96cd0643bf9df3afd2a94c552) Importer(815301076,1909f56bfc062723c751e8b465ee728b)  -> (artifact id: '447233125c444b03c4c7c1b0c595e766') in 0.056323 seconds 
========================================================================
Received Import Request.
  Time since last request: 0.000083 seconds.
  path: Assets/IsoTools/Examples/Images/Kenney/Buildings/buildingTiles_028.png
  artifactKey: Guid(271c73b3caa4947778a66319ebaaaa83) Importer(815301076,1909f56bfc062723c751e8b465ee728b)
Start importing Assets/IsoTools/Examples/Images/Kenney/Buildings/buildingTiles_028.png using Guid(271c73b3caa4947778a66319ebaaaa83) Importer(815301076,1909f56bfc062723c751e8b465ee728b)  -> (artifact id: '0718486ca12cdff61fb9f9b0c02ec4b1') in 0.059394 seconds 
========================================================================
Received Import Request.
  Time since last request: 0.000077 seconds.
  path: Assets/IsoTools/Examples/Images/Dragosha/dungeon-tileset/Tiles/tiledoor-open2.png
  artifactKey: Guid(68b1839186e5e4d318ac3a9fe00af823) Importer(815301076,1909f56bfc062723c751e8b465ee728b)
Start importing Assets/IsoTools/Examples/Images/Dragosha/dungeon-tileset/Tiles/tiledoor-open2.png using Guid(68b1839186e5e4d318ac3a9fe00af823) Importer(815301076,1909f56bfc062723c751e8b465ee728b)  -> (artifact id: 'ad0d9b1206818731fa7d4388f50674ec') in 0.076134 seconds 
========================================================================
Received Import Request.
  Time since last request: 0.000056 seconds.
  path: Assets/IsoTools/Examples/Images/Kenney/Buildings/buildingTiles_013.png
  artifactKey: Guid(5d489083ee1654628a5d3707cbf55e80) Importer(815301076,1909f56bfc062723c751e8b465ee728b)
Start importing Assets/IsoTools/Examples/Images/Kenney/Buildings/buildingTiles_013.png using Guid(5d489083ee1654628a5d3707cbf55e80) Importer(815301076,1909f56bfc062723c751e8b465ee728b)  -> (artifact id: '61287438abd6ad3fa7795e8b1d6a33bb') in 0.050859 seconds 
========================================================================
Received Import Request.
  Time since last request: 0.000040 seconds.
  path: Assets/IsoTools/Examples/Images/Dragosha/dungeon-tileset/Tiles/tile4.png
  artifactKey: Guid(ca8cd9e15743a4715a54874e83b04960) Importer(815301076,1909f56bfc062723c751e8b465ee728b)
Start importing Assets/IsoTools/Examples/Images/Dragosha/dungeon-tileset/Tiles/tile4.png using Guid(ca8cd9e15743a4715a54874e83b04960) Importer(815301076,1909f56bfc062723c751e8b465ee728b)  -> (artifact id: 'ccb011844922168270b52d879e96aad8') in 0.060226 seconds 
========================================================================
Received Import Request.
  Time since last request: 0.000039 seconds.
  path: Assets/IsoTools/Examples/Images/Kenney/City/cityDetails_009.png
  artifactKey: Guid(f53d43199e158489d94f25cc8b8e3cd8) Importer(815301076,1909f56bfc062723c751e8b465ee728b)
Start importing Assets/IsoTools/Examples/Images/Kenney/City/cityDetails_009.png using Guid(f53d43199e158489d94f25cc8b8e3cd8) Importer(815301076,1909f56bfc062723c751e8b465ee728b)  -> (artifact id: '896298a6a1d1cfe75ebd95176e7021c9') in 0.037107 seconds 
========================================================================
Received Import Request.
  Time since last request: 0.000033 seconds.
  path: Assets/IsoTools/Examples/Images/Kenney/City/cityTiles_119.png
  artifactKey: Guid(16aaf371d8fec4966a6ff289dc1d3f7e) Importer(815301076,1909f56bfc062723c751e8b465ee728b)
Start importing Assets/IsoTools/Examples/Images/Kenney/City/cityTiles_119.png using Guid(16aaf371d8fec4966a6ff289dc1d3f7e) Importer(815301076,1909f56bfc062723c751e8b465ee728b)  -> (artifact id: 'a93a8498db05b117bd406267d5a46308') in 0.055440 seconds 
========================================================================
Received Import Request.
  Time since last request: 0.000058 seconds.
  path: Assets/IsoTools/Examples/Images/Kenney/City/cityTiles_058.png
  artifactKey: Guid(f037a4b40d33a4347874a2949c177db4) Importer(815301076,1909f56bfc062723c751e8b465ee728b)
Start importing Assets/IsoTools/Examples/Images/Kenney/City/cityTiles_058.png using Guid(f037a4b40d33a4347874a2949c177db4) Importer(815301076,1909f56bfc062723c751e8b465ee728b)  -> (artifact id: '7d76306e19df5608c3b32082fe976749') in 0.041409 seconds 
========================================================================
Received Import Request.
  Time since last request: 0.000061 seconds.
  path: Assets/IsoTools/Examples/Images/Dragosha/dungeon-tileset/UI/Icon-shot.png
  artifactKey: Guid(82816e08956684be3abd53986d85b649) Importer(815301076,1909f56bfc062723c751e8b465ee728b)
Start importing Assets/IsoTools/Examples/Images/Dragosha/dungeon-tileset/UI/Icon-shot.png using Guid(82816e08956684be3abd53986d85b649) Importer(815301076,1909f56bfc062723c751e8b465ee728b)  -> (artifact id: '594a5a0e3432b38e75e3750fa5cc85ca') in 0.040834 seconds 
========================================================================
Received Import Request.
  Time since last request: 0.000063 seconds.
  path: Assets/IsoTools/Examples/Images/Kenney/Buildings/buildingTiles_010.png
  artifactKey: Guid(fefcfe4db3f8f4000ba986a2fa39987c) Importer(815301076,1909f56bfc062723c751e8b465ee728b)
Start importing Assets/IsoTools/Examples/Images/Kenney/Buildings/buildingTiles_010.png using Guid(fefcfe4db3f8f4000ba986a2fa39987c) Importer(815301076,1909f56bfc062723c751e8b465ee728b)  -> (artifact id: '26e2abd32c5ee3f573d2fbae99f79ea8') in 0.051726 seconds 
========================================================================
Received Import Request.
  Time since last request: 0.000079 seconds.
  path: Assets/IsoTools/Examples/Images/Kenney/Buildings/buildingTiles_012.png
  artifactKey: Guid(82b39d3a6377e433083046d55cbb305f) Importer(815301076,1909f56bfc062723c751e8b465ee728b)
Start importing Assets/IsoTools/Examples/Images/Kenney/Buildings/buildingTiles_012.png using Guid(82b39d3a6377e433083046d55cbb305f) Importer(815301076,1909f56bfc062723c751e8b465ee728b)  -> (artifact id: '3215ad781b672eac8f379b55e3373e85') in 0.040698 seconds 
========================================================================
Received Import Request.
  Time since last request: 0.000034 seconds.
  path: Assets/IsoTools/Examples/Images/Kenney/Buildings/buildingTiles_014.png
  artifactKey: Guid(9d6bcbd6984ab46a7ac44bad4e6b9749) Importer(815301076,1909f56bfc062723c751e8b465ee728b)
Start importing Assets/IsoTools/Examples/Images/Kenney/Buildings/buildingTiles_014.png using Guid(9d6bcbd6984ab46a7ac44bad4e6b9749) Importer(815301076,1909f56bfc062723c751e8b465ee728b)  -> (artifact id: 'e765edc8e90b97b2ceb2006a230dee81') in 0.045982 seconds 
========================================================================
Received Import Request.
  Time since last request: 0.000029 seconds.
  path: Assets/IsoTools/Examples/Images/Kenney/City/cityTiles_066.png
  artifactKey: Guid(f903b149936ea4eae96b47e247590046) Importer(815301076,1909f56bfc062723c751e8b465ee728b)
Start importing Assets/IsoTools/Examples/Images/Kenney/City/cityTiles_066.png using Guid(f903b149936ea4eae96b47e247590046) Importer(815301076,1909f56bfc062723c751e8b465ee728b)  -> (artifact id: 'f4ac6637040979d9047cafc8358f1d25') in 0.039731 seconds 
========================================================================
Received Import Request.
  Time since last request: 0.000060 seconds.
  path: Assets/IsoTools/Examples/Images/Dragosha/dungeon-tileset/NPC/parts/C1Mouth1.png
  artifactKey: Guid(a2d9a151b0ac5405db51504e91f18009) Importer(815301076,1909f56bfc062723c751e8b465ee728b)
Start importing Assets/IsoTools/Examples/Images/Dragosha/dungeon-tileset/NPC/parts/C1Mouth1.png using Guid(a2d9a151b0ac5405db51504e91f18009) Importer(815301076,1909f56bfc062723c751e8b465ee728b)  -> (artifact id: '8f9be62e939b16c182083abf0bd32413') in 0.040526 seconds 
========================================================================
Received Import Request.
  Time since last request: 0.000023 seconds.
  path: Assets/IsoTools/Examples/Images/Kenney/City/cityTiles_032.png
  artifactKey: Guid(718a517db59f44075ac8e4d903f7b8e9) Importer(815301076,1909f56bfc062723c751e8b465ee728b)
Start importing Assets/IsoTools/Examples/Images/Kenney/City/cityTiles_032.png using Guid(718a517db59f44075ac8e4d903f7b8e9) Importer(815301076,1909f56bfc062723c751e8b465ee728b)  -> (artifact id: '0836c028f0e84cd2a5fb96d8a68be993') in 0.049912 seconds 
========================================================================
Received Import Request.
  Time since last request: 0.000060 seconds.
  path: Assets/IsoTools/Examples/Images/Kenney/Buildings/buildingTiles_030.png
  artifactKey: Guid(fe95859897a7f478faa39da7144298f3) Importer(815301076,1909f56bfc062723c751e8b465ee728b)
Start importing Assets/IsoTools/Examples/Images/Kenney/Buildings/buildingTiles_030.png using Guid(fe95859897a7f478faa39da7144298f3) Importer(815301076,1909f56bfc062723c751e8b465ee728b)  -> (artifact id: '296d05bca75fba7d705e50dd3d2a7e08') in 0.042921 seconds 
========================================================================
Received Import Request.
  Time since last request: 0.000075 seconds.
  path: Assets/IsoTools/Examples/Images/Kenney/City/cityTiles_122.png
  artifactKey: Guid(8cd9d0aa76c154b3e8ea291c77584c39) Importer(815301076,1909f56bfc062723c751e8b465ee728b)
Start importing Assets/IsoTools/Examples/Images/Kenney/City/cityTiles_122.png using Guid(8cd9d0aa76c154b3e8ea291c77584c39) Importer(815301076,1909f56bfc062723c751e8b465ee728b)  -> (artifact id: '08599606549687722e8b88d949ffa131') in 0.038146 seconds 
========================================================================
Received Import Request.
  Time since last request: 0.000024 seconds.
  path: Assets/IsoTools/Examples/Images/Dragosha/dungeon-tileset/NPC/NPC3.png
  artifactKey: Guid(63bac626bebec4bc0bffcc477c378065) Importer(815301076,1909f56bfc062723c751e8b465ee728b)
Start importing Assets/IsoTools/Examples/Images/Dragosha/dungeon-tileset/NPC/NPC3.png using Guid(63bac626bebec4bc0bffcc477c378065) Importer(815301076,1909f56bfc062723c751e8b465ee728b)  -> (artifact id: 'fc5d17d1a0b9e0468ac52f4923134cd6') in 0.052062 seconds 
========================================================================
Received Import Request.
  Time since last request: 0.000026 seconds.
  path: Assets/IsoTools/Examples/Images/Dragosha/adventure-tileset/tiles/tr1.png
  artifactKey: Guid(185803adccfd241509a2c6daa3b922ba) Importer(815301076,1909f56bfc062723c751e8b465ee728b)
Start importing Assets/IsoTools/Examples/Images/Dragosha/adventure-tileset/tiles/tr1.png using Guid(185803adccfd241509a2c6daa3b922ba) Importer(815301076,1909f56bfc062723c751e8b465ee728b)  -> (artifact id: 'e95462f0b5c43ef547896fb927752094') in 0.060811 seconds 
========================================================================
Received Import Request.
  Time since last request: 0.000039 seconds.
  path: Assets/IsoTools/Examples/Images/Kenney/City/cityTiles_109.png
  artifactKey: Guid(250c830a6cd73471c87a75c8dda340a2) Importer(815301076,1909f56bfc062723c751e8b465ee728b)
Start importing Assets/IsoTools/Examples/Images/Kenney/City/cityTiles_109.png using Guid(250c830a6cd73471c87a75c8dda340a2) Importer(815301076,1909f56bfc062723c751e8b465ee728b)  -> (artifact id: '444e040aff0a8a7eaf9e9d8404f0a5c8') in 0.044635 seconds 
========================================================================
Received Prepare
Registering precompiled user dll's ...
Registered in 0.030631 seconds.
Begin MonoManager ReloadAssembly
Symbol file LoadedFromMemory doesn't match image D:\VS\VS项目1\Library\PackageCache\com.unity.visualscripting@1.8.0\Editor\VisualScripting.Core\Dependencies\YamlDotNet\Unity.VisualScripting.YamlDotNet.dll
Symbol file LoadedFromMemory doesn't match image D:\VS\VS项目1\Library\PackageCache\com.unity.visualscripting@1.8.0\Editor\VisualScripting.Core\Dependencies\DotNetZip\Unity.VisualScripting.IonicZip.dll
Native extension for WindowsStandalone target not found
Refreshing native plugins compatible for Editor in 1.15 ms, found 4 plugins.
Preloading 0 native plugins for Editor in 0.00 ms.
Mono: successfully reloaded assembly
- Completed reload, in  1.277 seconds
Domain Reload Profiling:
	ReloadAssembly (1278ms)
		BeginReloadAssembly (161ms)
			ExecutionOrderSort (0ms)
			DisableScriptedObjects (8ms)
			BackupInstance (0ms)
			ReleaseScriptingObjects (0ms)
			CreateAndSetChildDomain (41ms)
		EndReloadAssembly (997ms)
			LoadAssemblies (120ms)
			RebuildTransferFunctionScriptingTraits (0ms)
			SetupTypeCache (211ms)
			ReleaseScriptCaches (1ms)
			RebuildScriptCaches (41ms)
			SetupLoadedEditorAssemblies (557ms)
				LogAssemblyErrors (0ms)
				InitializePlatformSupportModulesInManaged (7ms)
				SetLoadedEditorAssemblies (1ms)
				RefreshPlugins (1ms)
				BeforeProcessingInitializeOnLoad (100ms)
				ProcessInitializeOnLoadAttributes (398ms)
				ProcessInitializeOnLoadMethodAttributes (38ms)
				AfterProcessingInitializeOnLoad (12ms)
				EditorAssembliesLoaded (0ms)
			ExecutionOrderSort2 (0ms)
			AwakeInstancesAfterBackupRestoration (10ms)
Platform modules already initialized, skipping
Refreshing native plugins compatible for Editor in 5.77 ms, found 4 plugins.
Preloading 0 native plugins for Editor in 0.00 ms.
Unloading 3816 Unused Serialized files (Serialized files now loaded: 0)
Unloading 27 unused Assets / (152.7 KB). Loaded Objects now: 4375.
Memory consumption went from 150.0 MB to 149.9 MB.
Total: 3.783600 ms (FindLiveObjects: 0.288400 ms CreateObjectMapping: 0.111400 ms MarkObjects: 3.246700 ms  DeleteObjects: 0.135700 ms)

AssetImportParameters requested are different than current active one (requested -> active):
  custom:video-decoder-ogg-theora: a1e56fd34408186e4bbccfd4996cb3dc -> 
  custom:container-muxer-webm: aa71ff27fc2769a1b78a27578f13a17b -> 
  custom:container-demuxer-webm: 4f35f7cbe854078d1ac9338744f61a02 -> 
  custom:video-encoder-webm-vp8: eb34c28f22e8b96e1ab97ce403110664 -> 
  custom:video-codec-MediaFoundation-h265: 746d11721c4dcdbdad8f713fa42b33f4 -> 
  custom:audio-encoder-webm-vorbis: bf7c407c2cedff20999df2af8eb42d56 -> 
  custom:framework-win-MediaFoundation: 216162199b28c13a410421893ffa2e32 -> 
  custom:container-demuxer-ogg: 62fdf1f143b41e24485cea50d1cbac27 -> 
  custom:video-decoder-webm-vp8: 9c59270c3fd7afecdb556c50c9e8de78 -> 
  custom:audio-decoder-ogg-vorbis: bf7c407c2cedff20999df2af8eb42d56 -> 
========================================================================
Received Prepare
Registering precompiled user dll's ...
Registered in 0.041227 seconds.
Begin MonoManager ReloadAssembly
Symbol file LoadedFromMemory doesn't match image D:\VS\VS项目1\Library\PackageCache\com.unity.visualscripting@1.8.0\Editor\VisualScripting.Core\Dependencies\YamlDotNet\Unity.VisualScripting.YamlDotNet.dll
Symbol file LoadedFromMemory doesn't match image D:\VS\VS项目1\Library\PackageCache\com.unity.visualscripting@1.8.0\Editor\VisualScripting.Core\Dependencies\DotNetZip\Unity.VisualScripting.IonicZip.dll
Native extension for WindowsStandalone target not found
Refreshing native plugins compatible for Editor in 1.67 ms, found 4 plugins.
Preloading 0 native plugins for Editor in 0.00 ms.
Mono: successfully reloaded assembly
- Completed reload, in  2.094 seconds
Domain Reload Profiling:
	ReloadAssembly (2096ms)
		BeginReloadAssembly (241ms)
			ExecutionOrderSort (0ms)
			DisableScriptedObjects (12ms)
			BackupInstance (0ms)
			ReleaseScriptingObjects (0ms)
			CreateAndSetChildDomain (53ms)
		EndReloadAssembly (1649ms)
			LoadAssemblies (194ms)
			RebuildTransferFunctionScriptingTraits (0ms)
			SetupTypeCache (376ms)
			ReleaseScriptCaches (2ms)
			RebuildScriptCaches (79ms)
			SetupLoadedEditorAssemblies (904ms)
				LogAssemblyErrors (0ms)
				InitializePlatformSupportModulesInManaged (7ms)
				SetLoadedEditorAssemblies (1ms)
				RefreshPlugins (2ms)
				BeforeProcessingInitializeOnLoad (172ms)
				ProcessInitializeOnLoadAttributes (639ms)
				ProcessInitializeOnLoadMethodAttributes (62ms)
				AfterProcessingInitializeOnLoad (21ms)
				EditorAssembliesLoaded (0ms)
			ExecutionOrderSort2 (0ms)
			AwakeInstancesAfterBackupRestoration (15ms)
Platform modules already initialized, skipping
Refreshing native plugins compatible for Editor in 6.03 ms, found 4 plugins.
Preloading 0 native plugins for Editor in 0.00 ms.
Unloading 3816 Unused Serialized files (Serialized files now loaded: 0)
Unloading 27 unused Assets / (152.7 KB). Loaded Objects now: 4378.
Memory consumption went from 150.0 MB to 149.9 MB.
Total: 3.506500 ms (FindLiveObjects: 0.315800 ms CreateObjectMapping: 0.140400 ms MarkObjects: 2.886000 ms  DeleteObjects: 0.162900 ms)

AssetImportParameters requested are different than current active one (requested -> active):
  custom:video-decoder-ogg-theora: a1e56fd34408186e4bbccfd4996cb3dc -> 
  custom:container-muxer-webm: aa71ff27fc2769a1b78a27578f13a17b -> 
  custom:container-demuxer-webm: 4f35f7cbe854078d1ac9338744f61a02 -> 
  custom:video-encoder-webm-vp8: eb34c28f22e8b96e1ab97ce403110664 -> 
  custom:video-codec-MediaFoundation-h265: 746d11721c4dcdbdad8f713fa42b33f4 -> 
  custom:audio-encoder-webm-vorbis: bf7c407c2cedff20999df2af8eb42d56 -> 
  custom:framework-win-MediaFoundation: 216162199b28c13a410421893ffa2e32 -> 
  custom:container-demuxer-ogg: 62fdf1f143b41e24485cea50d1cbac27 -> 
  custom:video-decoder-webm-vp8: 9c59270c3fd7afecdb556c50c9e8de78 -> 
  custom:audio-decoder-ogg-vorbis: bf7c407c2cedff20999df2af8eb42d56 -> 
========================================================================
Received Prepare
Registering precompiled user dll's ...
Registered in 0.028872 seconds.
Begin MonoManager ReloadAssembly
Symbol file LoadedFromMemory doesn't match image D:\VS\VS项目1\Library\PackageCache\com.unity.visualscripting@1.8.0\Editor\VisualScripting.Core\Dependencies\YamlDotNet\Unity.VisualScripting.YamlDotNet.dll
Symbol file LoadedFromMemory doesn't match image D:\VS\VS项目1\Library\PackageCache\com.unity.visualscripting@1.8.0\Editor\VisualScripting.Core\Dependencies\DotNetZip\Unity.VisualScripting.IonicZip.dll
Native extension for WindowsStandalone target not found
Refreshing native plugins compatible for Editor in 1.77 ms, found 4 plugins.
Preloading 0 native plugins for Editor in 0.00 ms.
Mono: successfully reloaded assembly
- Completed reload, in  2.174 seconds
Domain Reload Profiling:
	ReloadAssembly (2175ms)
		BeginReloadAssembly (270ms)
			ExecutionOrderSort (0ms)
			DisableScriptedObjects (15ms)
			BackupInstance (0ms)
			ReleaseScriptingObjects (0ms)
			CreateAndSetChildDomain (75ms)
		EndReloadAssembly (1716ms)
			LoadAssemblies (194ms)
			RebuildTransferFunctionScriptingTraits (0ms)
			SetupTypeCache (388ms)
			ReleaseScriptCaches (3ms)
			RebuildScriptCaches (85ms)
			SetupLoadedEditorAssemblies (947ms)
				LogAssemblyErrors (0ms)
				InitializePlatformSupportModulesInManaged (11ms)
				SetLoadedEditorAssemblies (1ms)
				RefreshPlugins (2ms)
				BeforeProcessingInitializeOnLoad (159ms)
				ProcessInitializeOnLoadAttributes (693ms)
				ProcessInitializeOnLoadMethodAttributes (59ms)
				AfterProcessingInitializeOnLoad (21ms)
				EditorAssembliesLoaded (0ms)
			ExecutionOrderSort2 (0ms)
			AwakeInstancesAfterBackupRestoration (17ms)
Platform modules already initialized, skipping
Refreshing native plugins compatible for Editor in 9.57 ms, found 4 plugins.
Preloading 0 native plugins for Editor in 0.00 ms.
Unloading 3816 Unused Serialized files (Serialized files now loaded: 0)
Unloading 27 unused Assets / (153.7 KB). Loaded Objects now: 4381.
Memory consumption went from 150.0 MB to 149.9 MB.
Total: 6.639600 ms (FindLiveObjects: 0.648800 ms CreateObjectMapping: 0.235100 ms MarkObjects: 5.403500 ms  DeleteObjects: 0.349000 ms)

AssetImportParameters requested are different than current active one (requested -> active):
  custom:video-decoder-ogg-theora: a1e56fd34408186e4bbccfd4996cb3dc -> 
  custom:container-muxer-webm: aa71ff27fc2769a1b78a27578f13a17b -> 
  custom:container-demuxer-webm: 4f35f7cbe854078d1ac9338744f61a02 -> 
  custom:video-encoder-webm-vp8: eb34c28f22e8b96e1ab97ce403110664 -> 
  custom:video-codec-MediaFoundation-h265: 746d11721c4dcdbdad8f713fa42b33f4 -> 
  custom:audio-encoder-webm-vorbis: bf7c407c2cedff20999df2af8eb42d56 -> 
  custom:framework-win-MediaFoundation: 216162199b28c13a410421893ffa2e32 -> 
  custom:container-demuxer-ogg: 62fdf1f143b41e24485cea50d1cbac27 -> 
  custom:video-decoder-webm-vp8: 9c59270c3fd7afecdb556c50c9e8de78 -> 
  custom:audio-decoder-ogg-vorbis: bf7c407c2cedff20999df2af8eb42d56 -> 
========================================================================
Received Prepare
Registering precompiled user dll's ...
Registered in 0.033667 seconds.
Begin MonoManager ReloadAssembly
Symbol file LoadedFromMemory doesn't match image D:\VS\VS项目1\Library\PackageCache\com.unity.visualscripting@1.8.0\Editor\VisualScripting.Core\Dependencies\YamlDotNet\Unity.VisualScripting.YamlDotNet.dll
Symbol file LoadedFromMemory doesn't match image D:\VS\VS项目1\Library\PackageCache\com.unity.visualscripting@1.8.0\Editor\VisualScripting.Core\Dependencies\DotNetZip\Unity.VisualScripting.IonicZip.dll
Native extension for WindowsStandalone target not found
Refreshing native plugins compatible for Editor in 0.90 ms, found 4 plugins.
Preloading 0 native plugins for Editor in 0.00 ms.
Mono: successfully reloaded assembly
- Completed reload, in  1.774 seconds
Domain Reload Profiling:
	ReloadAssembly (1775ms)
		BeginReloadAssembly (219ms)
			ExecutionOrderSort (0ms)
			DisableScriptedObjects (11ms)
			BackupInstance (0ms)
			ReleaseScriptingObjects (0ms)
			CreateAndSetChildDomain (57ms)
		EndReloadAssembly (1386ms)
			LoadAssemblies (166ms)
			RebuildTransferFunctionScriptingTraits (0ms)
			SetupTypeCache (304ms)
			ReleaseScriptCaches (2ms)
			RebuildScriptCaches (61ms)
			SetupLoadedEditorAssemblies (753ms)
				LogAssemblyErrors (0ms)
				InitializePlatformSupportModulesInManaged (7ms)
				SetLoadedEditorAssemblies (1ms)
				RefreshPlugins (1ms)
				BeforeProcessingInitializeOnLoad (135ms)
				ProcessInitializeOnLoadAttributes (535ms)
				ProcessInitializeOnLoadMethodAttributes (55ms)
				AfterProcessingInitializeOnLoad (19ms)
				EditorAssembliesLoaded (0ms)
			ExecutionOrderSort2 (0ms)
			AwakeInstancesAfterBackupRestoration (16ms)
Platform modules already initialized, skipping
Refreshing native plugins compatible for Editor in 4.89 ms, found 4 plugins.
Preloading 0 native plugins for Editor in 0.00 ms.
Unloading 3816 Unused Serialized files (Serialized files now loaded: 0)
Unloading 27 unused Assets / (152.6 KB). Loaded Objects now: 4384.
Memory consumption went from 150.1 MB to 149.9 MB.
Total: 3.833200 ms (FindLiveObjects: 0.286300 ms CreateObjectMapping: 0.116600 ms MarkObjects: 3.175500 ms  DeleteObjects: 0.253200 ms)

AssetImportParameters requested are different than current active one (requested -> active):
  custom:video-decoder-ogg-theora: a1e56fd34408186e4bbccfd4996cb3dc -> 
  custom:container-muxer-webm: aa71ff27fc2769a1b78a27578f13a17b -> 
  custom:container-demuxer-webm: 4f35f7cbe854078d1ac9338744f61a02 -> 
  custom:video-encoder-webm-vp8: eb34c28f22e8b96e1ab97ce403110664 -> 
  custom:video-codec-MediaFoundation-h265: 746d11721c4dcdbdad8f713fa42b33f4 -> 
  custom:audio-encoder-webm-vorbis: bf7c407c2cedff20999df2af8eb42d56 -> 
  custom:framework-win-MediaFoundation: 216162199b28c13a410421893ffa2e32 -> 
  custom:container-demuxer-ogg: 62fdf1f143b41e24485cea50d1cbac27 -> 
  custom:video-decoder-webm-vp8: 9c59270c3fd7afecdb556c50c9e8de78 -> 
  custom:audio-decoder-ogg-vorbis: bf7c407c2cedff20999df2af8eb42d56 -> 
========================================================================
Received Prepare
Registering precompiled user dll's ...
Registered in 0.024713 seconds.
Begin MonoManager ReloadAssembly
Symbol file LoadedFromMemory doesn't match image D:\VS\VS项目1\Library\PackageCache\com.unity.visualscripting@1.8.0\Editor\VisualScripting.Core\Dependencies\YamlDotNet\Unity.VisualScripting.YamlDotNet.dll
Symbol file LoadedFromMemory doesn't match image D:\VS\VS项目1\Library\PackageCache\com.unity.visualscripting@1.8.0\Editor\VisualScripting.Core\Dependencies\DotNetZip\Unity.VisualScripting.IonicZip.dll
Native extension for WindowsStandalone target not found
Refreshing native plugins compatible for Editor in 1.45 ms, found 4 plugins.
Preloading 0 native plugins for Editor in 0.00 ms.
Mono: successfully reloaded assembly
- Completed reload, in  1.590 seconds
Domain Reload Profiling:
	ReloadAssembly (1591ms)
		BeginReloadAssembly (199ms)
			ExecutionOrderSort (0ms)
			DisableScriptedObjects (10ms)
			BackupInstance (0ms)
			ReleaseScriptingObjects (0ms)
			CreateAndSetChildDomain (58ms)
		EndReloadAssembly (1250ms)
			LoadAssemblies (155ms)
			RebuildTransferFunctionScriptingTraits (0ms)
			SetupTypeCache (300ms)
			ReleaseScriptCaches (2ms)
			RebuildScriptCaches (60ms)
			SetupLoadedEditorAssemblies (662ms)
				LogAssemblyErrors (0ms)
				InitializePlatformSupportModulesInManaged (7ms)
				SetLoadedEditorAssemblies (1ms)
				RefreshPlugins (2ms)
				BeforeProcessingInitializeOnLoad (111ms)
				ProcessInitializeOnLoadAttributes (483ms)
				ProcessInitializeOnLoadMethodAttributes (46ms)
				AfterProcessingInitializeOnLoad (13ms)
				EditorAssembliesLoaded (0ms)
			ExecutionOrderSort2 (0ms)
			AwakeInstancesAfterBackupRestoration (11ms)
Platform modules already initialized, skipping
Refreshing native plugins compatible for Editor in 6.36 ms, found 4 plugins.
Preloading 0 native plugins for Editor in 0.00 ms.
Unloading 3816 Unused Serialized files (Serialized files now loaded: 0)
Unloading 27 unused Assets / (152.6 KB). Loaded Objects now: 4387.
Memory consumption went from 150.1 MB to 149.9 MB.
Total: 5.995800 ms (FindLiveObjects: 0.598900 ms CreateObjectMapping: 0.142300 ms MarkObjects: 5.017400 ms  DeleteObjects: 0.234200 ms)

AssetImportParameters requested are different than current active one (requested -> active):
  custom:video-decoder-ogg-theora: a1e56fd34408186e4bbccfd4996cb3dc -> 
  custom:container-muxer-webm: aa71ff27fc2769a1b78a27578f13a17b -> 
  custom:container-demuxer-webm: 4f35f7cbe854078d1ac9338744f61a02 -> 
  custom:video-encoder-webm-vp8: eb34c28f22e8b96e1ab97ce403110664 -> 
  custom:video-codec-MediaFoundation-h265: 746d11721c4dcdbdad8f713fa42b33f4 -> 
  custom:audio-encoder-webm-vorbis: bf7c407c2cedff20999df2af8eb42d56 -> 
  custom:framework-win-MediaFoundation: 216162199b28c13a410421893ffa2e32 -> 
  custom:container-demuxer-ogg: 62fdf1f143b41e24485cea50d1cbac27 -> 
  custom:video-decoder-webm-vp8: 9c59270c3fd7afecdb556c50c9e8de78 -> 
  custom:audio-decoder-ogg-vorbis: bf7c407c2cedff20999df2af8eb42d56 -> 
========================================================================
Received Prepare
Registering precompiled user dll's ...
Registered in 0.030263 seconds.
Begin MonoManager ReloadAssembly
Symbol file LoadedFromMemory doesn't match image D:\VS\VS项目1\Library\PackageCache\com.unity.visualscripting@1.8.0\Editor\VisualScripting.Core\Dependencies\YamlDotNet\Unity.VisualScripting.YamlDotNet.dll
Symbol file LoadedFromMemory doesn't match image D:\VS\VS项目1\Library\PackageCache\com.unity.visualscripting@1.8.0\Editor\VisualScripting.Core\Dependencies\DotNetZip\Unity.VisualScripting.IonicZip.dll
Native extension for WindowsStandalone target not found
Refreshing native plugins compatible for Editor in 1.83 ms, found 4 plugins.
Preloading 0 native plugins for Editor in 0.00 ms.
Mono: successfully reloaded assembly
- Completed reload, in  2.097 seconds
Domain Reload Profiling:
	ReloadAssembly (2098ms)
		BeginReloadAssembly (252ms)
			ExecutionOrderSort (0ms)
			DisableScriptedObjects (13ms)
			BackupInstance (0ms)
			ReleaseScriptingObjects (0ms)
			CreateAndSetChildDomain (63ms)
		EndReloadAssembly (1647ms)
			LoadAssemblies (205ms)
			RebuildTransferFunctionScriptingTraits (0ms)
			SetupTypeCache (391ms)
			ReleaseScriptCaches (3ms)
			RebuildScriptCaches (77ms)
			SetupLoadedEditorAssemblies (880ms)
				LogAssemblyErrors (0ms)
				InitializePlatformSupportModulesInManaged (8ms)
				SetLoadedEditorAssemblies (1ms)
				RefreshPlugins (2ms)
				BeforeProcessingInitializeOnLoad (150ms)
				ProcessInitializeOnLoadAttributes (639ms)
				ProcessInitializeOnLoadMethodAttributes (60ms)
				AfterProcessingInitializeOnLoad (18ms)
				EditorAssembliesLoaded (0ms)
			ExecutionOrderSort2 (0ms)
			AwakeInstancesAfterBackupRestoration (15ms)
Platform modules already initialized, skipping
Refreshing native plugins compatible for Editor in 5.84 ms, found 4 plugins.
Preloading 0 native plugins for Editor in 0.00 ms.
Unloading 3816 Unused Serialized files (Serialized files now loaded: 0)
Unloading 27 unused Assets / (152.6 KB). Loaded Objects now: 4390.
Memory consumption went from 150.1 MB to 149.9 MB.
Total: 7.121000 ms (FindLiveObjects: 0.556100 ms CreateObjectMapping: 0.136700 ms MarkObjects: 6.132400 ms  DeleteObjects: 0.292900 ms)

AssetImportParameters requested are different than current active one (requested -> active):
  custom:video-decoder-ogg-theora: a1e56fd34408186e4bbccfd4996cb3dc -> 
  custom:container-muxer-webm: aa71ff27fc2769a1b78a27578f13a17b -> 
  custom:container-demuxer-webm: 4f35f7cbe854078d1ac9338744f61a02 -> 
  custom:video-encoder-webm-vp8: eb34c28f22e8b96e1ab97ce403110664 -> 
  custom:video-codec-MediaFoundation-h265: 746d11721c4dcdbdad8f713fa42b33f4 -> 
  custom:audio-encoder-webm-vorbis: bf7c407c2cedff20999df2af8eb42d56 -> 
  custom:framework-win-MediaFoundation: 216162199b28c13a410421893ffa2e32 -> 
  custom:container-demuxer-ogg: 62fdf1f143b41e24485cea50d1cbac27 -> 
  custom:video-decoder-webm-vp8: 9c59270c3fd7afecdb556c50c9e8de78 -> 
  custom:audio-decoder-ogg-vorbis: bf7c407c2cedff20999df2af8eb42d56 -> 
========================================================================
Received Prepare
Registering precompiled user dll's ...
Registered in 0.027801 seconds.
Begin MonoManager ReloadAssembly
Symbol file LoadedFromMemory doesn't match image D:\VS\VS项目1\Library\PackageCache\com.unity.visualscripting@1.8.0\Editor\VisualScripting.Core\Dependencies\YamlDotNet\Unity.VisualScripting.YamlDotNet.dll
Symbol file LoadedFromMemory doesn't match image D:\VS\VS项目1\Library\PackageCache\com.unity.visualscripting@1.8.0\Editor\VisualScripting.Core\Dependencies\DotNetZip\Unity.VisualScripting.IonicZip.dll
Native extension for WindowsStandalone target not found
Refreshing native plugins compatible for Editor in 1.42 ms, found 4 plugins.
Preloading 0 native plugins for Editor in 0.00 ms.
Mono: successfully reloaded assembly
- Completed reload, in  1.874 seconds
Domain Reload Profiling:
	ReloadAssembly (1875ms)
		BeginReloadAssembly (253ms)
			ExecutionOrderSort (0ms)
			DisableScriptedObjects (13ms)
			BackupInstance (0ms)
			ReleaseScriptingObjects (0ms)
			CreateAndSetChildDomain (68ms)
		EndReloadAssembly (1427ms)
			LoadAssemblies (200ms)
			RebuildTransferFunctionScriptingTraits (0ms)
			SetupTypeCache (387ms)
			ReleaseScriptCaches (3ms)
			RebuildScriptCaches (74ms)
			SetupLoadedEditorAssemblies (694ms)
				LogAssemblyErrors (0ms)
				InitializePlatformSupportModulesInManaged (8ms)
				SetLoadedEditorAssemblies (1ms)
				RefreshPlugins (2ms)
				BeforeProcessingInitializeOnLoad (135ms)
				ProcessInitializeOnLoadAttributes (488ms)
				ProcessInitializeOnLoadMethodAttributes (48ms)
				AfterProcessingInitializeOnLoad (13ms)
				EditorAssembliesLoaded (1ms)
			ExecutionOrderSort2 (0ms)
			AwakeInstancesAfterBackupRestoration (12ms)
Platform modules already initialized, skipping
Refreshing native plugins compatible for Editor in 6.74 ms, found 4 plugins.
Preloading 0 native plugins for Editor in 0.00 ms.
Unloading 3816 Unused Serialized files (Serialized files now loaded: 0)
Unloading 27 unused Assets / (152.5 KB). Loaded Objects now: 4393.
Memory consumption went from 150.1 MB to 149.9 MB.
Total: 6.790700 ms (FindLiveObjects: 0.786500 ms CreateObjectMapping: 0.318900 ms MarkObjects: 5.414700 ms  DeleteObjects: 0.267000 ms)

AssetImportParameters requested are different than current active one (requested -> active):
  custom:video-decoder-ogg-theora: a1e56fd34408186e4bbccfd4996cb3dc -> 
  custom:container-muxer-webm: aa71ff27fc2769a1b78a27578f13a17b -> 
  custom:container-demuxer-webm: 4f35f7cbe854078d1ac9338744f61a02 -> 
  custom:video-encoder-webm-vp8: eb34c28f22e8b96e1ab97ce403110664 -> 
  custom:video-codec-MediaFoundation-h265: 746d11721c4dcdbdad8f713fa42b33f4 -> 
  custom:audio-encoder-webm-vorbis: bf7c407c2cedff20999df2af8eb42d56 -> 
  custom:framework-win-MediaFoundation: 216162199b28c13a410421893ffa2e32 -> 
  custom:container-demuxer-ogg: 62fdf1f143b41e24485cea50d1cbac27 -> 
  custom:video-decoder-webm-vp8: 9c59270c3fd7afecdb556c50c9e8de78 -> 
  custom:audio-decoder-ogg-vorbis: bf7c407c2cedff20999df2af8eb42d56 -> 
